app/build/intermediates/manifest_merge_blame_file/release/manifest-merger-blame-release-report.txt
1<?xml version="1.0" encoding="utf-8"?>
2<manifest xmlns:android="http://schemas.android.com/apk/res/android"
3    package="com.applid.musicbox"
4    android:versionCode="3"
5    android:versionName="1.2" >
6
7    <uses-sdk
8        android:minSdkVersion="16"
8-->src\main\AndroidManifest.xml
9        android:targetSdkVersion="30" />
9-->src\main\AndroidManifest.xml
10
11    <uses-permission android:name="android.permission.READ_EXTERNAL_STORAGE" />
11-->src\main\AndroidManifest.xml:6:5-80
11-->src\main\AndroidManifest.xml:6:22-77
12    <uses-permission android:name="android.permission.INTERNET" />
12-->src\main\AndroidManifest.xml:7:5-67
12-->src\main\AndroidManifest.xml:7:22-64
13    <uses-permission android:name="android.permission.RECORD_AUDIO" />
13-->src\main\AndroidManifest.xml:8:5-71
13-->src\main\AndroidManifest.xml:8:22-68
14    <uses-permission android:name="android.permission.MODIFY_AUDIO_SETTINGS" />
14-->src\main\AndroidManifest.xml:9:5-80
14-->src\main\AndroidManifest.xml:9:22-77
15    <uses-permission
15-->src\main\AndroidManifest.xml:10:5-13:40
16        android:name="android.permission.WRITE_EXTERNAL_STORAGE"
16-->src\main\AndroidManifest.xml:11:9-65
17        android:maxSdkVersion="28" />
17-->src\main\AndroidManifest.xml:12:9-35
18    <uses-permission android:name="android.permission.ACCESS_NETWORK_STATE" /> <!-- Android package visibility setting -->
18-->[com.google.android.gms:play-services-ads-lite:20.2.0] AndroidManifest.xml:24:5-79
18-->[com.google.android.gms:play-services-ads-lite:20.2.0] AndroidManifest.xml:24:22-76
19    <queries>
19-->[com.google.android.gms:play-services-ads-lite:20.2.0] AndroidManifest.xml:27:5-43:15
20
21        <!-- For browser content -->
22        <intent>
22-->[com.google.android.gms:play-services-ads-lite:20.2.0] AndroidManifest.xml:30:9-36:18
23            <action android:name="android.intent.action.VIEW" />
23-->[com.google.android.gms:play-services-ads-lite:20.2.0] AndroidManifest.xml:31:13-65
23-->[com.google.android.gms:play-services-ads-lite:20.2.0] AndroidManifest.xml:31:21-62
24
25            <category android:name="android.intent.category.BROWSABLE" />
25-->[com.google.android.gms:play-services-ads-lite:20.2.0] AndroidManifest.xml:33:13-74
25-->[com.google.android.gms:play-services-ads-lite:20.2.0] AndroidManifest.xml:33:23-71
26
27            <data android:scheme="https" />
27-->[com.google.android.gms:play-services-ads-lite:20.2.0] AndroidManifest.xml:35:13-44
27-->[com.google.android.gms:play-services-ads-lite:20.2.0] AndroidManifest.xml:35:19-41
28        </intent>
29        <!-- End of browser content -->
30        <!-- For CustomTabsService -->
31        <intent>
31-->[com.google.android.gms:play-services-ads-lite:20.2.0] AndroidManifest.xml:39:9-41:18
32            <action android:name="android.support.customtabs.action.CustomTabsService" />
32-->[com.google.android.gms:play-services-ads-lite:20.2.0] AndroidManifest.xml:40:13-90
32-->[com.google.android.gms:play-services-ads-lite:20.2.0] AndroidManifest.xml:40:21-87
33        </intent>
34        <!-- End of CustomTabsService -->
35        <intent>
35-->[androidx.media:media:1.4.0] AndroidManifest.xml:25:9-27:18
36            <action android:name="android.media.browse.MediaBrowserService" />
36-->[androidx.media:media:1.4.0] AndroidManifest.xml:26:13-79
36-->[androidx.media:media:1.4.0] AndroidManifest.xml:26:21-76
37        </intent>
38    </queries>
39
40    <uses-permission android:name="android.permission.WAKE_LOCK" />
40-->[com.google.android.gms:play-services-measurement-sdk-api:18.0.0] AndroidManifest.xml:25:5-68
40-->[com.google.android.gms:play-services-measurement-sdk-api:18.0.0] AndroidManifest.xml:25:22-65
41    <uses-permission android:name="android.permission.RECEIVE_BOOT_COMPLETED" />
41-->[androidx.work:work-runtime:2.1.0] AndroidManifest.xml:27:5-81
41-->[androidx.work:work-runtime:2.1.0] AndroidManifest.xml:27:22-78
42
43    <application
43-->src\main\AndroidManifest.xml:16:5-47:19
44        android:name="com.applid.musicbox.notification.NofiticationCenter"
44-->src\main\AndroidManifest.xml:17:9-56
45        android:allowBackup="true"
45-->src\main\AndroidManifest.xml:18:9-35
46        android:appComponentFactory="androidx.core.app.CoreComponentFactory"
46-->[androidx.core:core:1.5.0] AndroidManifest.xml:24:18-86
47        android:icon="@drawable/icon"
47-->src\main\AndroidManifest.xml:19:9-38
48        android:label="@string/app_name"
48-->src\main\AndroidManifest.xml:20:9-41
49        android:requestLegacyExternalStorage="true"
49-->src\main\AndroidManifest.xml:22:9-52
50        android:supportsRtl="true"
50-->src\main\AndroidManifest.xml:21:9-35
51        android:theme="@style/AppTheme" >
51-->src\main\AndroidManifest.xml:23:9-40
52        <activity
52-->src\main\AndroidManifest.xml:25:9-27:66
53            android:name="com.applid.musicbox.activities.PlayerActivity"
53-->src\main\AndroidManifest.xml:26:13-73
54            android:theme="@style/Theme.AppCompat.NoActionBar" />
54-->src\main\AndroidManifest.xml:27:13-63
55        <activity android:name="com.applid.musicbox.activities.AlbumActivity" />
55-->src\main\AndroidManifest.xml:28:9-80
55-->src\main\AndroidManifest.xml:28:19-78
56        <activity android:name="com.applid.musicbox.activities.MainActivity" >
56-->src\main\AndroidManifest.xml:29:9-35:20
56-->src\main\AndroidManifest.xml:29:19-77
57            <intent-filter>
57-->src\main\AndroidManifest.xml:30:13-34:29
58                <action android:name="android.intent.action.MAIN" />
58-->src\main\AndroidManifest.xml:31:17-69
58-->src\main\AndroidManifest.xml:31:25-66
59
60                <category android:name="android.intent.category.LAUNCHER" />
60-->src\main\AndroidManifest.xml:33:17-77
60-->src\main\AndroidManifest.xml:33:27-74
61            </intent-filter>
62        </activity>
63
64        <service android:name="com.applid.musicbox.notification.NotiService" >
64-->src\main\AndroidManifest.xml:36:9-38:19
64-->src\main\AndroidManifest.xml:36:18-77
65        </service>
66
67        <meta-data
67-->src\main\AndroidManifest.xml:39:9-41:57
68            android:name="preloaded_fonts"
68-->src\main\AndroidManifest.xml:40:13-43
69            android:resource="@array/preloaded_fonts" />
69-->src\main\AndroidManifest.xml:41:13-54
70        <meta-data
70-->src\main\AndroidManifest.xml:43:9-45:69
71            android:name="com.google.android.gms.ads.APPLICATION_ID"
71-->src\main\AndroidManifest.xml:44:13-69
72            android:value="ca-app-pub-2281074336539826~7806816560" />
72-->src\main\AndroidManifest.xml:45:13-67
73
74        <!-- Include the AdActivity and InAppPurchaseActivity configChanges and themes. -->
75        <activity
75-->[com.google.android.gms:play-services-ads-lite:20.2.0] AndroidManifest.xml:48:9-52:64
76            android:name="com.google.android.gms.ads.AdActivity"
76-->[com.google.android.gms:play-services-ads-lite:20.2.0] AndroidManifest.xml:49:13-65
77            android:configChanges="keyboard|keyboardHidden|orientation|screenLayout|uiMode|screenSize|smallestScreenSize"
77-->[com.google.android.gms:play-services-ads-lite:20.2.0] AndroidManifest.xml:50:13-122
78            android:exported="false"
78-->[com.google.android.gms:play-services-ads-lite:20.2.0] AndroidManifest.xml:51:13-37
79            android:theme="@android:style/Theme.Translucent" />
79-->[com.google.android.gms:play-services-ads-lite:20.2.0] AndroidManifest.xml:52:13-61
80
81        <provider
81-->[com.google.android.gms:play-services-ads-lite:20.2.0] AndroidManifest.xml:54:9-58:39
82            android:name="com.google.android.gms.ads.MobileAdsInitProvider"
82-->[com.google.android.gms:play-services-ads-lite:20.2.0] AndroidManifest.xml:55:13-76
83            android:authorities="com.applid.musicbox.mobileadsinitprovider"
83-->[com.google.android.gms:play-services-ads-lite:20.2.0] AndroidManifest.xml:56:13-73
84            android:exported="false"
84-->[com.google.android.gms:play-services-ads-lite:20.2.0] AndroidManifest.xml:57:13-37
85            android:initOrder="100" />
85-->[com.google.android.gms:play-services-ads-lite:20.2.0] AndroidManifest.xml:58:13-36
86
87        <service
87-->[com.google.android.gms:play-services-ads-lite:20.2.0] AndroidManifest.xml:60:9-63:40
88            android:name="com.google.android.gms.ads.AdService"
88-->[com.google.android.gms:play-services-ads-lite:20.2.0] AndroidManifest.xml:61:13-64
89            android:enabled="true"
89-->[com.google.android.gms:play-services-ads-lite:20.2.0] AndroidManifest.xml:62:13-35
90            android:exported="false" />
90-->[com.google.android.gms:play-services-ads-lite:20.2.0] AndroidManifest.xml:63:13-37
91
92        <meta-data
92-->[com.google.android.gms:play-services-basement:17.6.0] AndroidManifest.xml:23:9-25:69
93            android:name="com.google.android.gms.version"
93-->[com.google.android.gms:play-services-basement:17.6.0] AndroidManifest.xml:24:13-58
94            android:value="@integer/google_play_services_version" />
94-->[com.google.android.gms:play-services-basement:17.6.0] AndroidManifest.xml:25:13-66
95
96        <provider
96-->[com.squareup.picasso:picasso:2.71828] AndroidManifest.xml:8:9-11:40
97            android:name="com.squareup.picasso.PicassoProvider"
97-->[com.squareup.picasso:picasso:2.71828] AndroidManifest.xml:9:13-64
98            android:authorities="com.applid.musicbox.com.squareup.picasso"
98-->[com.squareup.picasso:picasso:2.71828] AndroidManifest.xml:10:13-72
99            android:exported="false" />
99-->[com.squareup.picasso:picasso:2.71828] AndroidManifest.xml:11:13-37
100        <provider
100-->[androidx.work:work-runtime:2.1.0] AndroidManifest.xml:30:9-36:35
101            android:name="androidx.work.impl.WorkManagerInitializer"
101-->[androidx.work:work-runtime:2.1.0] AndroidManifest.xml:31:13-69
102            android:authorities="com.applid.musicbox.workmanager-init"
102-->[androidx.work:work-runtime:2.1.0] AndroidManifest.xml:32:13-68
103            android:directBootAware="false"
103-->[androidx.work:work-runtime:2.1.0] AndroidManifest.xml:33:13-44
104            android:exported="false"
104-->[androidx.work:work-runtime:2.1.0] AndroidManifest.xml:34:13-37
105            android:multiprocess="true" />
105-->[androidx.work:work-runtime:2.1.0] AndroidManifest.xml:35:13-40
106
107        <service
107-->[androidx.work:work-runtime:2.1.0] AndroidManifest.xml:38:9-43:35
108            android:name="androidx.work.impl.background.systemalarm.SystemAlarmService"
108-->[androidx.work:work-runtime:2.1.0] AndroidManifest.xml:39:13-88
109            android:directBootAware="false"
109-->[androidx.work:work-runtime:2.1.0] AndroidManifest.xml:40:13-44
110            android:enabled="@bool/enable_system_alarm_service_default"
110-->[androidx.work:work-runtime:2.1.0] AndroidManifest.xml:41:13-72
111            android:exported="false" />
111-->[androidx.work:work-runtime:2.1.0] AndroidManifest.xml:42:13-37
112        <service
112-->[androidx.work:work-runtime:2.1.0] AndroidManifest.xml:44:9-50:35
113            android:name="androidx.work.impl.background.systemjob.SystemJobService"
113-->[androidx.work:work-runtime:2.1.0] AndroidManifest.xml:45:13-84
114            android:directBootAware="false"
114-->[androidx.work:work-runtime:2.1.0] AndroidManifest.xml:46:13-44
115            android:enabled="@bool/enable_system_job_service_default"
115-->[androidx.work:work-runtime:2.1.0] AndroidManifest.xml:47:13-70
116            android:exported="true"
116-->[androidx.work:work-runtime:2.1.0] AndroidManifest.xml:48:13-36
117            android:permission="android.permission.BIND_JOB_SERVICE" />
117-->[androidx.work:work-runtime:2.1.0] AndroidManifest.xml:49:13-69
118
119        <receiver
119-->[androidx.work:work-runtime:2.1.0] AndroidManifest.xml:52:9-57:35
120            android:name="androidx.work.impl.utils.ForceStopRunnable$BroadcastReceiver"
120-->[androidx.work:work-runtime:2.1.0] AndroidManifest.xml:53:13-88
121            android:directBootAware="false"
121-->[androidx.work:work-runtime:2.1.0] AndroidManifest.xml:54:13-44
122            android:enabled="true"
122-->[androidx.work:work-runtime:2.1.0] AndroidManifest.xml:55:13-35
123            android:exported="false" />
123-->[androidx.work:work-runtime:2.1.0] AndroidManifest.xml:56:13-37
124        <receiver
124-->[androidx.work:work-runtime:2.1.0] AndroidManifest.xml:58:9-68:20
125            android:name="androidx.work.impl.background.systemalarm.ConstraintProxy$BatteryChargingProxy"
125-->[androidx.work:work-runtime:2.1.0] AndroidManifest.xml:59:13-106
126            android:directBootAware="false"
126-->[androidx.work:work-runtime:2.1.0] AndroidManifest.xml:60:13-44
127            android:enabled="false"
127-->[androidx.work:work-runtime:2.1.0] AndroidManifest.xml:61:13-36
128            android:exported="false" >
128-->[androidx.work:work-runtime:2.1.0] AndroidManifest.xml:62:13-37
129            <intent-filter>
129-->[androidx.work:work-runtime:2.1.0] AndroidManifest.xml:64:13-67:29
130                <action android:name="android.intent.action.ACTION_POWER_CONNECTED" />
130-->[androidx.work:work-runtime:2.1.0] AndroidManifest.xml:65:17-87
130-->[androidx.work:work-runtime:2.1.0] AndroidManifest.xml:65:25-84
131                <action android:name="android.intent.action.ACTION_POWER_DISCONNECTED" />
131-->[androidx.work:work-runtime:2.1.0] AndroidManifest.xml:66:17-90
131-->[androidx.work:work-runtime:2.1.0] AndroidManifest.xml:66:25-87
132            </intent-filter>
133        </receiver>
134        <receiver
134-->[androidx.work:work-runtime:2.1.0] AndroidManifest.xml:69:9-79:20
135            android:name="androidx.work.impl.background.systemalarm.ConstraintProxy$BatteryNotLowProxy"
135-->[androidx.work:work-runtime:2.1.0] AndroidManifest.xml:70:13-104
136            android:directBootAware="false"
136-->[androidx.work:work-runtime:2.1.0] AndroidManifest.xml:71:13-44
137            android:enabled="false"
137-->[androidx.work:work-runtime:2.1.0] AndroidManifest.xml:72:13-36
138            android:exported="false" >
138-->[androidx.work:work-runtime:2.1.0] AndroidManifest.xml:73:13-37
139            <intent-filter>
139-->[androidx.work:work-runtime:2.1.0] AndroidManifest.xml:75:13-78:29
140                <action android:name="android.intent.action.BATTERY_OKAY" />
140-->[androidx.work:work-runtime:2.1.0] AndroidManifest.xml:76:17-77
140-->[androidx.work:work-runtime:2.1.0] AndroidManifest.xml:76:25-74
141                <action android:name="android.intent.action.BATTERY_LOW" />
141-->[androidx.work:work-runtime:2.1.0] AndroidManifest.xml:77:17-76
141-->[androidx.work:work-runtime:2.1.0] AndroidManifest.xml:77:25-73
142            </intent-filter>
143        </receiver>
144        <receiver
144-->[androidx.work:work-runtime:2.1.0] AndroidManifest.xml:80:9-90:20
145            android:name="androidx.work.impl.background.systemalarm.ConstraintProxy$StorageNotLowProxy"
145-->[androidx.work:work-runtime:2.1.0] AndroidManifest.xml:81:13-104
146            android:directBootAware="false"
146-->[androidx.work:work-runtime:2.1.0] AndroidManifest.xml:82:13-44
147            android:enabled="false"
147-->[androidx.work:work-runtime:2.1.0] AndroidManifest.xml:83:13-36
148            android:exported="false" >
148-->[androidx.work:work-runtime:2.1.0] AndroidManifest.xml:84:13-37
149            <intent-filter>
149-->[androidx.work:work-runtime:2.1.0] AndroidManifest.xml:86:13-89:29
150                <action android:name="android.intent.action.DEVICE_STORAGE_LOW" />
150-->[androidx.work:work-runtime:2.1.0] AndroidManifest.xml:87:17-83
150-->[androidx.work:work-runtime:2.1.0] AndroidManifest.xml:87:25-80
151                <action android:name="android.intent.action.DEVICE_STORAGE_OK" />
151-->[androidx.work:work-runtime:2.1.0] AndroidManifest.xml:88:17-82
151-->[androidx.work:work-runtime:2.1.0] AndroidManifest.xml:88:25-79
152            </intent-filter>
153        </receiver>
154        <receiver
154-->[androidx.work:work-runtime:2.1.0] AndroidManifest.xml:91:9-100:20
155            android:name="androidx.work.impl.background.systemalarm.ConstraintProxy$NetworkStateProxy"
155-->[androidx.work:work-runtime:2.1.0] AndroidManifest.xml:92:13-103
156            android:directBootAware="false"
156-->[androidx.work:work-runtime:2.1.0] AndroidManifest.xml:93:13-44
157            android:enabled="false"
157-->[androidx.work:work-runtime:2.1.0] AndroidManifest.xml:94:13-36
158            android:exported="false" >
158-->[androidx.work:work-runtime:2.1.0] AndroidManifest.xml:95:13-37
159            <intent-filter>
159-->[androidx.work:work-runtime:2.1.0] AndroidManifest.xml:97:13-99:29
160                <action android:name="android.net.conn.CONNECTIVITY_CHANGE" />
160-->[androidx.work:work-runtime:2.1.0] AndroidManifest.xml:98:17-79
160-->[androidx.work:work-runtime:2.1.0] AndroidManifest.xml:98:25-76
161            </intent-filter>
162        </receiver>
163        <receiver
163-->[androidx.work:work-runtime:2.1.0] AndroidManifest.xml:101:9-112:20
164            android:name="androidx.work.impl.background.systemalarm.RescheduleReceiver"
164-->[androidx.work:work-runtime:2.1.0] AndroidManifest.xml:102:13-88
165            android:directBootAware="false"
165-->[androidx.work:work-runtime:2.1.0] AndroidManifest.xml:103:13-44
166            android:enabled="false"
166-->[androidx.work:work-runtime:2.1.0] AndroidManifest.xml:104:13-36
167            android:exported="false" >
167-->[androidx.work:work-runtime:2.1.0] AndroidManifest.xml:105:13-37
168            <intent-filter>
168-->[androidx.work:work-runtime:2.1.0] AndroidManifest.xml:107:13-111:29
169                <action android:name="android.intent.action.BOOT_COMPLETED" />
169-->[androidx.work:work-runtime:2.1.0] AndroidManifest.xml:108:17-79
169-->[androidx.work:work-runtime:2.1.0] AndroidManifest.xml:108:25-76
170                <action android:name="android.intent.action.TIME_SET" />
170-->[androidx.work:work-runtime:2.1.0] AndroidManifest.xml:109:17-73
170-->[androidx.work:work-runtime:2.1.0] AndroidManifest.xml:109:25-70
171                <action android:name="android.intent.action.TIMEZONE_CHANGED" />
171-->[androidx.work:work-runtime:2.1.0] AndroidManifest.xml:110:17-81
171-->[androidx.work:work-runtime:2.1.0] AndroidManifest.xml:110:25-78
172            </intent-filter>
173        </receiver>
174        <receiver
174-->[androidx.work:work-runtime:2.1.0] AndroidManifest.xml:113:9-122:20
175            android:name="androidx.work.impl.background.systemalarm.ConstraintProxyUpdateReceiver"
175-->[androidx.work:work-runtime:2.1.0] AndroidManifest.xml:114:13-99
176            android:directBootAware="false"
176-->[androidx.work:work-runtime:2.1.0] AndroidManifest.xml:115:13-44
177            android:enabled="@bool/enable_system_alarm_service_default"
177-->[androidx.work:work-runtime:2.1.0] AndroidManifest.xml:116:13-72
178            android:exported="false" >
178-->[androidx.work:work-runtime:2.1.0] AndroidManifest.xml:117:13-37
179            <intent-filter>
179-->[androidx.work:work-runtime:2.1.0] AndroidManifest.xml:119:13-121:29
180                <action android:name="androidx.work.impl.background.systemalarm.UpdateProxies" />
180-->[androidx.work:work-runtime:2.1.0] AndroidManifest.xml:120:17-98
180-->[androidx.work:work-runtime:2.1.0] AndroidManifest.xml:120:25-95
181            </intent-filter>
182        </receiver>
183
184        <service
184-->[androidx.room:room-runtime:2.1.0] AndroidManifest.xml:25:9-27:40
185            android:name="androidx.room.MultiInstanceInvalidationService"
185-->[androidx.room:room-runtime:2.1.0] AndroidManifest.xml:26:13-74
186            android:exported="false" />
186-->[androidx.room:room-runtime:2.1.0] AndroidManifest.xml:27:13-37
187    </application>
188
189</manifest>